Log file open, 07/10/17 13:21:35
LogInit:Display: Running engine for game: Puzzlez
LogPlatformFile: Not using cached read wrapper
LogInit:Display: RandInit(-1548091785) SRandInit(-1548091785).
LogTaskGraph: Started task graph with 5 named threads and 6 total threads with 1 sets of task threads.
LogStats: Stats thread started at 0.058598
LogPluginManager: Loaded Plugin Paper2D, From C:/Program Files (x86)/Epic Games/4.14/Engine/Plugins/2D/Paper2D/Paper2D.uplugin
LogPluginManager: Loaded Plugin LightPropagationVolume, From C:/Program Files (x86)/Epic Games/4.14/Engine/Plugins/Blendables/LightPropagationVolume/LightPropagationVolume.uplugin
LogPluginManager: Loaded Plugin BlankPlugin, From C:/Program Files (x86)/Epic Games/4.14/Engine/Plugins/Developer/BlankPlugin/BlankPlugin.uplugin
LogPluginManager: Loaded Plugin CodeLiteSourceCodeAccess, From C:/Program Files (x86)/Epic Games/4.14/Engine/Plugins/Developer/CodeLiteSourceCodeAccess/CodeLiteSourceCodeAccess.uplugin
LogPluginManager: Loaded Plugin GitSourceControl, From C:/Program Files (x86)/Epic Games/4.14/Engine/Plugins/Developer/GitSourceControl/GitSourceControl.uplugin
LogPluginManager: Loaded Plugin KDevelopSourceCodeAccess, From C:/Program Files (x86)/Epic Games/4.14/Engine/Plugins/Developer/KDevelopSourceCodeAccess/KDevelopSourceCodeAccess.uplugin
LogPluginManager: Loaded Plugin NullSourceCodeAccess, From C:/Program Files (x86)/Epic Games/4.14/Engine/Plugins/Developer/NullSourceCodeAccess/NullSourceCodeAccess.uplugin
LogPluginManager: Loaded Plugin OneSkyLocalizationService, From C:/Program Files (x86)/Epic Games/4.14/Engine/Plugins/Developer/OneSkyLocalizationService/OneSkyLocalizationService.uplugin
LogPluginManager: Loaded Plugin PerforceSourceControl, From C:/Program Files (x86)/Epic Games/4.14/Engine/Plugins/Developer/PerforceSourceControl/PerforceSourceControl.uplugin
LogPluginManager: Loaded Plugin SubversionSourceControl, From C:/Program Files (x86)/Epic Games/4.14/Engine/Plugins/Developer/SubversionSourceControl/SubversionSourceControl.uplugin
LogPluginManager: Loaded Plugin UObjectPlugin, From C:/Program Files (x86)/Epic Games/4.14/Engine/Plugins/Developer/UObjectPlugin/UObjectPlugin.uplugin
LogPluginManager: Loaded Plugin VisualStudioSourceCodeAccess, From C:/Program Files (x86)/Epic Games/4.14/Engine/Plugins/Developer/VisualStudioSourceCodeAccess/VisualStudioSourceCodeAccess.uplugin
LogPluginManager: Loaded Plugin XCodeSourceCodeAccess, From C:/Program Files (x86)/Epic Games/4.14/Engine/Plugins/Developer/XCodeSourceCodeAccess/XCodeSourceCodeAccess.uplugin
LogPluginManager: Loaded Plugin AudioCapture, From C:/Program Files (x86)/Epic Games/4.14/Engine/Plugins/Editor/AudioCapture/AudioCapture.uplugin
LogPluginManager: Loaded Plugin EpicSurvey, From C:/Program Files (x86)/Epic Games/4.14/Engine/Plugins/Editor/EpicSurvey/EpicSurvey.uplugin
LogPluginManager: Loaded Plugin MacGraphicsSwitching, From C:/Program Files (x86)/Epic Games/4.14/Engine/Plugins/Editor/MacGraphicsSwitching/MacGraphicsSwitching.uplugin
LogPluginManager: Loaded Plugin MobileLauncherProfileWizard, From C:/Program Files (x86)/Epic Games/4.14/Engine/Plugins/Editor/MobileLauncherProfileWizard/MobileLauncherProfileWizard.uplugin
LogPluginManager: Loaded Plugin PluginBrowser, From C:/Program Files (x86)/Epic Games/4.14/Engine/Plugins/Editor/PluginBrowser/PluginBrowser.uplugin
LogPluginManager: Loaded Plugin SpeedTreeImporter, From C:/Program Files (x86)/Epic Games/4.14/Engine/Plugins/Editor/SpeedTreeImporter/SpeedTreeImporter.uplugin
LogPluginManager: Loaded Plugin SuperSearchEditor, From C:/Program Files (x86)/Epic Games/4.14/Engine/Plugins/Editor/SuperSearchEditor/SuperSearchEditor.uplugin
LogPluginManager: Loaded Plugin AlembicImporter, From C:/Program Files (x86)/Epic Games/4.14/Engine/Plugins/Experimental/AlembicImporter/AlembicImporter.uplugin
LogPluginManager: Loaded Plugin BlueprintStats, From C:/Program Files (x86)/Epic Games/4.14/Engine/Plugins/Experimental/BlueprintStats/BlueprintStats.uplugin
LogPluginManager: Loaded Plugin CharacterAI, From C:/Program Files (x86)/Epic Games/4.14/Engine/Plugins/Experimental/CharacterAI/CharacterAI.uplugin
LogPluginManager: Loaded Plugin CodeEditor, From C:/Program Files (x86)/Epic Games/4.14/Engine/Plugins/Experimental/CodeEditor/CodeEditor.uplugin
LogPluginManager: Loaded Plugin CodeView, From C:/Program Files (x86)/Epic Games/4.14/Engine/Plugins/Experimental/CodeView/CodeView.uplugin
LogPluginManager: Loaded Plugin HTML5Networking, From C:/Program Files (x86)/Epic Games/4.14/Engine/Plugins/Experimental/HTML5Networking/HTML5Networking.uplugin
LogPluginManager: Loaded Plugin OSVR, From C:/Program Files (x86)/Epic Games/4.14/Engine/Plugins/Experimental/OSVR/OSVR.uplugin
LogPluginManager: Loaded Plugin Phya, From C:/Program Files (x86)/Epic Games/4.14/Engine/Plugins/Experimental/Phya/Phya.uplugin
LogPluginManager: Loaded Plugin SignificanceManager, From C:/Program Files (x86)/Epic Games/4.14/Engine/Plugins/Experimental/SignificanceManager/SignificanceManager.uplugin
LogPluginManager: Loaded Plugin SimpleHMD, From C:/Program Files (x86)/Epic Games/4.14/Engine/Plugins/Experimental/SimpleHMD/SimpleHMD.uplugin
LogPluginManager: Loaded Plugin StereoPanorama, From C:/Program Files (x86)/Epic Games/4.14/Engine/Plugins/Experimental/StereoPanorama/StereoPanorama.uplugin
LogPluginManager: Loaded Plugin StructBox, From C:/Program Files (x86)/Epic Games/4.14/Engine/Plugins/Experimental/StructBox/StructBox.uplugin
LogPluginManager: Loaded Plugin AndroidMedia, From C:/Program Files (x86)/Epic Games/4.14/Engine/Plugins/Media/AndroidMedia/AndroidMedia.uplugin
LogPluginManager: Loaded Plugin AvfMedia, From C:/Program Files (x86)/Epic Games/4.14/Engine/Plugins/Media/AvfMedia/AvfMedia.uplugin
LogPluginManager: Loaded Plugin MediaPlayerEditor, From C:/Program Files (x86)/Epic Games/4.14/Engine/Plugins/Media/MediaPlayerEditor/MediaPlayerEditor.uplugin
LogPluginManager: Loaded Plugin WmfMedia, From C:/Program Files (x86)/Epic Games/4.14/Engine/Plugins/Media/WmfMedia/WmfMedia.uplugin
LogPluginManager: Loaded Plugin MessagingDebugger, From C:/Program Files (x86)/Epic Games/4.14/Engine/Plugins/Messaging/MessagingDebugger/MessagingDebugger.uplugin
LogPluginManager: Loaded Plugin TcpMessaging, From C:/Program Files (x86)/Epic Games/4.14/Engine/Plugins/Messaging/TcpMessaging/TcpMessaging.uplugin
LogPluginManager: Loaded Plugin UdpMessaging, From C:/Program Files (x86)/Epic Games/4.14/Engine/Plugins/Messaging/UdpMessaging/UdpMessaging.uplugin
LogPluginManager: Loaded Plugin LevelSequenceEditor, From C:/Program Files (x86)/Epic Games/4.14/Engine/Plugins/MovieScene/LevelSequenceEditor/LevelSequenceEditor.uplugin
LogPluginManager: Loaded Plugin MatineeToLevelSequence, From C:/Program Files (x86)/Epic Games/4.14/Engine/Plugins/MovieScene/MatineeToLevelSequence/MatineeToLevelSequence.uplugin
LogPluginManager: Loaded Plugin NetcodeUnitTest, From C:/Program Files (x86)/Epic Games/4.14/Engine/Plugins/NetcodeUnitTest/NetcodeUnitTest/NetcodeUnitTest.uplugin
LogPluginManager: Loaded Plugin NUTUnrealEngine4, From C:/Program Files (x86)/Epic Games/4.14/Engine/Plugins/NetcodeUnitTest/NUTUnrealEngine4/NUTUnrealEngine4.uplugin
LogPluginManager: Loaded Plugin OnlineSubsystemGameCircle, From C:/Program Files (x86)/Epic Games/4.14/Engine/Plugins/Online/Android/OnlineSubsystemGameCircle/OnlineSubsystemGameCircle.uplugin
LogPluginManager: Loaded Plugin OnlineSubsystemGooglePlay, From C:/Program Files (x86)/Epic Games/4.14/Engine/Plugins/Online/Android/OnlineSubsystemGooglePlay/OnlineSubsystemGooglePlay.uplugin
LogPluginManager: Loaded Plugin OnlineSubsystemIOS, From C:/Program Files (x86)/Epic Games/4.14/Engine/Plugins/Online/IOS/OnlineSubsystemIOS/OnlineSubsystemIOS.uplugin
LogPluginManager: Loaded Plugin OnlineFramework, From C:/Program Files (x86)/Epic Games/4.14/Engine/Plugins/Online/OnlineFramework/OnlineFramework.uplugin
LogPluginManager: Loaded Plugin OnlineSubsystem, From C:/Program Files (x86)/Epic Games/4.14/Engine/Plugins/Online/OnlineSubsystem/OnlineSubsystem.uplugin
LogPluginManager: Loaded Plugin OnlineSubsystemAmazon, From C:/Program Files (x86)/Epic Games/4.14/Engine/Plugins/Online/OnlineSubsystemAmazon/OnlineSubsystemAmazon.uplugin
LogPluginManager: Loaded Plugin OnlineSubsystemFacebook, From C:/Program Files (x86)/Epic Games/4.14/Engine/Plugins/Online/OnlineSubsystemFacebook/OnlineSubsystemFacebook.uplugin
LogPluginManager: Loaded Plugin OnlineSubsystemNull, From C:/Program Files (x86)/Epic Games/4.14/Engine/Plugins/Online/OnlineSubsystemNull/OnlineSubsystemNull.uplugin
LogPluginManager: Loaded Plugin OnlineSubsystemOculus, From C:/Program Files (x86)/Epic Games/4.14/Engine/Plugins/Online/OnlineSubsystemOculus/OnlineSubsystemOculus.uplugin
LogPluginManager: Loaded Plugin OnlineSubsystemSteam, From C:/Program Files (x86)/Epic Games/4.14/Engine/Plugins/Online/OnlineSubsystemSteam/OnlineSubsystemSteam.uplugin
LogPluginManager: Loaded Plugin OnlineSubsystemUtils, From C:/Program Files (x86)/Epic Games/4.14/Engine/Plugins/Online/OnlineSubsystemUtils/OnlineSubsystemUtils.uplugin
LogPluginManager: Loaded Plugin IOSTapJoy, From C:/Program Files (x86)/Epic Games/4.14/Engine/Plugins/Runtime/Advertising/IOSTapJoy/IOSTapJoy.uplugin
LogPluginManager: Loaded Plugin AnalyticsBlueprintLibrary, From C:/Program Files (x86)/Epic Games/4.14/Engine/Plugins/Runtime/Analytics/AnalyticsBlueprintLibrary/AnalyticsBlueprintLibrary.uplugin
LogPluginManager: Loaded Plugin AnalyticsMulticast, From C:/Program Files (x86)/Epic Games/4.14/Engine/Plugins/Runtime/Analytics/AnalyticsMulticast/AnalyticsMulticast.uplugin
LogPluginManager: Loaded Plugin Apsalar, From C:/Program Files (x86)/Epic Games/4.14/Engine/Plugins/Runtime/Analytics/Apsalar/Apsalar.uplugin
LogPluginManager: Loaded Plugin FileLogging, From C:/Program Files (x86)/Epic Games/4.14/Engine/Plugins/Runtime/Analytics/FileLogging/FileLogging.uplugin
LogPluginManager: Loaded Plugin Flurry, From C:/Program Files (x86)/Epic Games/4.14/Engine/Plugins/Runtime/Analytics/Flurry/Flurry.uplugin
LogPluginManager: Loaded Plugin AndroidDeviceProfileSelector, From C:/Program Files (x86)/Epic Games/4.14/Engine/Plugins/Runtime/AndroidDeviceProfileSelector/AndroidDeviceProfileSelector.uplugin
LogPluginManager: Loaded Plugin AndroidMoviePlayer, From C:/Program Files (x86)/Epic Games/4.14/Engine/Plugins/Runtime/AndroidMoviePlayer/AndroidMoviePlayer.uplugin
LogPluginManager: Loaded Plugin AppleMoviePlayer, From C:/Program Files (x86)/Epic Games/4.14/Engine/Plugins/Runtime/AppleMoviePlayer/AppleMoviePlayer.uplugin
LogPluginManager: Loaded Plugin ArchVisCharacter, From C:/Program Files (x86)/Epic Games/4.14/Engine/Plugins/Runtime/ArchVisCharacter/ArchVisCharacter.uplugin
LogPluginManager: Loaded Plugin CableComponent, From C:/Program Files (x86)/Epic Games/4.14/Engine/Plugins/Runtime/CableComponent/CableComponent.uplugin
LogPluginManager: Loaded Plugin CustomMeshComponent, From C:/Program Files (x86)/Epic Games/4.14/Engine/Plugins/Runtime/CustomMeshComponent/CustomMeshComponent.uplugin
LogPluginManager: Loaded Plugin ExampleDeviceProfileSelector, From C:/Program Files (x86)/Epic Games/4.14/Engine/Plugins/Runtime/ExampleDeviceProfileSelector/ExampleDeviceProfileSelector.uplugin
LogPluginManager: Loaded Plugin GearVR, From C:/Program Files (x86)/Epic Games/4.14/Engine/Plugins/Runtime/GearVR/GearVR.uplugin
LogPluginManager: Loaded Plugin GoogleVRController, From C:/Program Files (x86)/Epic Games/4.14/Engine/Plugins/Runtime/GoogleVR/GoogleVRController/GoogleVRController.uplugin
LogPluginManager: Loaded Plugin GoogleVRHMD, From C:/Program Files (x86)/Epic Games/4.14/Engine/Plugins/Runtime/GoogleVR/GoogleVRHMD/GoogleVRHMD.uplugin
LogPluginManager: Loaded Plugin IOSDeviceProfileSelector, From C:/Program Files (x86)/Epic Games/4.14/Engine/Plugins/Runtime/IOSDeviceProfileSelector/IOSDeviceProfileSelector.uplugin
LogPluginManager: Loaded Plugin LeapMotion, From C:/Program Files (x86)/Epic Games/4.14/Engine/Plugins/Runtime/LeapMotion/LeapMotion.uplugin
LogPluginManager: Loaded Plugin LinuxDeviceProfileSelector, From C:/Program Files (x86)/Epic Games/4.14/Engine/Plugins/Runtime/LinuxDeviceProfileSelector/LinuxDeviceProfileSelector.uplugin
LogPluginManager: Loaded Plugin MIDIDevice, From C:/Program Files (x86)/Epic Games/4.14/Engine/Plugins/Runtime/MIDIDevice/MIDIDevice.uplugin
LogPluginManager: Loaded Plugin MobilePatchingUtils, From C:/Program Files (x86)/Epic Games/4.14/Engine/Plugins/Runtime/MobilePatchingUtils/MobilePatchingUtils.uplugin
LogPluginManager: Loaded Plugin Ansel, From C:/Program Files (x86)/Epic Games/4.14/Engine/Plugins/Runtime/Nvidia/Ansel/Ansel.uplugin
LogPluginManager: Loaded Plugin OculusAudio, From C:/Program Files (x86)/Epic Games/4.14/Engine/Plugins/Runtime/OculusAudio/OculusAudio.uplugin
LogPluginManager: Loaded Plugin OculusInput, From C:/Program Files (x86)/Epic Games/4.14/Engine/Plugins/Runtime/OculusInput/OculusInput.uplugin
LogPluginManager: Loaded Plugin OculusLibrary, From C:/Program Files (x86)/Epic Games/4.14/Engine/Plugins/Runtime/OculusLibrary/OculusLibrary.uplugin
LogPluginManager: Loaded Plugin OculusRift, From C:/Program Files (x86)/Epic Games/4.14/Engine/Plugins/Runtime/OculusRift/OculusRift.uplugin
LogPluginManager: Loaded Plugin Oodle, From C:/Program Files (x86)/Epic Games/4.14/Engine/Plugins/Runtime/PacketHandlers/CompressionComponents/Oodle/Oodle.uplugin
LogPluginManager: Loaded Plugin ProceduralMeshComponent, From C:/Program Files (x86)/Epic Games/4.14/Engine/Plugins/Runtime/ProceduralMeshComponent/ProceduralMeshComponent.uplugin
LogPluginManager: Loaded Plugin SoundMod, From C:/Program Files (x86)/Epic Games/4.14/Engine/Plugins/Runtime/SoundMod/SoundMod.uplugin
LogPluginManager: Loaded Plugin SoundVisualizations, From C:/Program Files (x86)/Epic Games/4.14/Engine/Plugins/Runtime/SoundVisualizations/SoundVisualizations.uplugin
LogPluginManager: Loaded Plugin SteamController, From C:/Program Files (x86)/Epic Games/4.14/Engine/Plugins/Runtime/Steam/SteamController/SteamController.uplugin
LogPluginManager: Loaded Plugin SteamVR, From C:/Program Files (x86)/Epic Games/4.14/Engine/Plugins/Runtime/Steam/SteamVR/SteamVR.uplugin
LogPluginManager: Loaded Plugin WebBrowserWidget, From C:/Program Files (x86)/Epic Games/4.14/Engine/Plugins/Runtime/WebBrowserWidget/WebBrowserWidget.uplugin
LogPluginManager: Loaded Plugin WindowsDeviceProfileSelector, From C:/Program Files (x86)/Epic Games/4.14/Engine/Plugins/Runtime/WindowsDeviceProfileSelector/WindowsDeviceProfileSelector.uplugin
LogPluginManager: Loaded Plugin WindowsMoviePlayer, From C:/Program Files (x86)/Epic Games/4.14/Engine/Plugins/Runtime/WindowsMoviePlayer/WindowsMoviePlayer.uplugin
LogPluginManager: Loaded Plugin ScriptPlugin, From C:/Program Files (x86)/Epic Games/4.14/Engine/Plugins/ScriptPlugin/ScriptPlugin.uplugin
LogPluginManager: Loaded Plugin SlateRemote, From C:/Program Files (x86)/Epic Games/4.14/Engine/Plugins/Slate/SlateRemote/SlateRemote.uplugin
LogPluginManager: Loaded Plugin EditorTests, From C:/Program Files (x86)/Epic Games/4.14/Engine/Plugins/Tests/EditorTests/EditorTests.uplugin
LogPluginManager: Loaded Plugin FbxAutomationTestBuilder, From C:/Program Files (x86)/Epic Games/4.14/Engine/Plugins/Tests/FbxAutomationTestBuilder/FbxAutomationTestBuilder.uplugin
LogPluginManager: Loaded Plugin FunctionalTestingEditor, From C:/Program Files (x86)/Epic Games/4.14/Engine/Plugins/Tests/FunctionalTestingEditor/FunctionalTestingEditor.uplugin
LogPluginManager: Loaded Plugin RuntimeTests, From C:/Program Files (x86)/Epic Games/4.14/Engine/Plugins/Tests/RuntimeTests/RuntimeTests.uplugin
LogPluginManager: Loaded Plugin ScreenshotTools, From C:/Program Files (x86)/Epic Games/4.14/Engine/Plugins/Tests/ScreenshotTools/ScreenshotTools.uplugin
LogInit: Using libcurl 7.47.1
LogInit:  - built for x86_64-pc-win32
LogInit:  - supports SSL with OpenSSL/1.0.2g
LogInit:  - supports HTTP deflate (compression) using libz 1.2.8
LogInit:  - other features:
LogInit:      CURL_VERSION_SSL
LogInit:      CURL_VERSION_LIBZ
LogInit:      CURL_VERSION_IPV6
LogInit:      CURL_VERSION_ASYNCHDNS
LogInit:      CURL_VERSION_LARGEFILE
LogInit:      CURL_VERSION_IDN
LogInit:  CurlRequestOptions (configurable via config and command line):
LogInit:  - bVerifyPeer = false  - Libcurl will NOT verify peer certificate
LogInit:  - bUseHttpProxy = false  - Libcurl will NOT use HTTP proxy
LogInit:  - bDontReuseConnections = false  - Libcurl will reuse connections
LogInit:  - CertBundlePath = nullptr  - Libcurl will use whatever was configured at build time.
LogInit: Build: ++UE4+Release-4.14-CL-3249277
LogInit: Engine Version: 4.14.3-3249277+++UE4+Release-4.14
LogInit: Compatible Engine Version: 4.14.0-3195953+++UE4+Release-4.14
LogInit: Net CL: 3195953
LogDevObjectVersion: Number of dev versions registered: 13
LogDevObjectVersion:   Dev-Blueprints (B0D832E4-1F89-4F0D-ACCF-7EB736FD4AA2): 7
LogDevObjectVersion:   Dev-Build (E1C64328-A22C-4D53-A36C-8E866417BD8C): 0
LogDevObjectVersion:   Dev-Core (375EC13C-06E4-48FB-B500-84F0262A717E): 1
LogDevObjectVersion:   Dev-Editor (E4B068ED-F494-42E9-A231-DA0B2E46BB41): 8
LogDevObjectVersion:   Dev-Framework (CFFC743F-43B0-4480-9391-14DF171D2073): 17
LogDevObjectVersion:   Dev-Mobile (B02B49B5-BB20-44E9-A304-32B752E40360): 0
LogDevObjectVersion:   Dev-Networking (A4E4105C-59A1-49B5-A7C5-40C4547EDFEE): 0
LogDevObjectVersion:   Dev-Online (39C831C9-5AE6-47DC-9A44-9C173E1C8E7C): 0
LogDevObjectVersion:   Dev-Physics (78F01B33-EBEA-4F98-B9B4-84EACCB95AA2): 0
LogDevObjectVersion:   Dev-Platform (6631380F-2D4D-43E0-8009-CF276956A95A): 0
LogDevObjectVersion:   Dev-Rendering (12F88B9F-8875-4AFC-A67C-D90C383ABD29): 12
LogDevObjectVersion:   Dev-Sequencer (7B5AE74C-D270-4C10-A958-57980B212A5A): 1
LogDevObjectVersion:   Dev-VR (D7296918-1DD6-4BDD-9DE2-64A83CC13884): 0
LogInit: Compiled (64-bit): Jan  6 2017 10:49:43
LogInit: Compiled with Visual C++: 19.00.23026.00
LogInit: Build Configuration: Development
LogInit: Branch Name: ++UE4+Release-4.14
LogInit: Command line: -EpicPortal 
LogInit: Base directory: C:/Program Files (x86)/Epic Games/4.14/Engine/Binaries/Win64/
LogInit: Installed Engine Build: 1
LogInit: Presizing for max 8388607 objects, including 0 objects not considered by GC, pre-allocating 0 bytes for permanent pool.
LogInit: Object subsystem initialized
[2017.07.10-17.21.36:285][  0]LogInit: Selected Device Profile: [Windows]
[2017.07.10-17.21.36:285][  0]LogInit: Applying CVar settings loaded from the selected device profile: [Windows]
[2017.07.10-17.21.36:294][  0]LogInit: Computer: IGMOH1380-07
[2017.07.10-17.21.36:294][  0]LogInit: User: IGMAdmin
[2017.07.10-17.21.36:294][  0]LogInit: CPU Page size=65536, Cores=2
[2017.07.10-17.21.36:294][  0]LogInit: High frequency timer resolution =3.328127 MHz
[2017.07.10-17.21.36:294][  0]LogMemory: Memory total: Physical=15.9GB (16GB approx)
[2017.07.10-17.21.36:294][  0]LogMemory: Platform Memory Stats for Windows
[2017.07.10-17.21.36:294][  0]LogMemory: Process Physical Memory: 263.82 MB used, 263.82 MB peak
[2017.07.10-17.21.36:294][  0]LogMemory: Process Virtual Memory: 262.46 MB used, 262.46 MB peak
[2017.07.10-17.21.36:294][  0]LogMemory: Physical Memory: 3838.26 MB used,  12487.55 MB free, 16325.81 MB total
[2017.07.10-17.21.36:294][  0]LogMemory: Virtual Memory: 674.54 MB used,  12487.55 MB free, 134217728.00 MB total
[2017.07.10-17.21.36:318][  0]LogTextLocalizationManager: No specific translations for ('en-US') exist, so ('en') translations will be used.
[2017.07.10-17.21.36:863][  0]LogD3D11RHI: D3D11 adapters:
[2017.07.10-17.21.36:894][  0]LogD3D11RHI:    0. 'NVIDIA GeForce GTX 1070' (Feature Level 11_0)
[2017.07.10-17.21.36:894][  0]LogD3D11RHI:       8145/0/8162 MB DedicatedVideo/DedicatedSystem/SharedSystem, Outputs:2, VendorId:0x10de
[2017.07.10-17.21.36:895][  0]LogD3D11RHI:    1. 'Microsoft Basic Render Driver' (Feature Level 11_0)
[2017.07.10-17.21.36:895][  0]LogD3D11RHI:       0/0/8162 MB DedicatedVideo/DedicatedSystem/SharedSystem, Outputs:0, VendorId:0x1414
[2017.07.10-17.21.36:895][  0]LogD3D11RHI: Chosen D3D11 Adapter: 0
[2017.07.10-17.21.36:899][  0]LogD3D11RHI: Creating new Direct3DDevice
[2017.07.10-17.21.36:899][  0]LogD3D11RHI:     GPU DeviceId: 0x1b81 (for the marketing name, search the web for "GPU Device Id")
[2017.07.10-17.21.36:899][  0]LogWindows: EnumDisplayDevices:
[2017.07.10-17.21.36:899][  0]LogWindows:    0. 'NVIDIA GeForce GTX 1070' (P:1 D:1)
[2017.07.10-17.21.36:899][  0]LogWindows:    1. 'NVIDIA GeForce GTX 1070' (P:0 D:1)
[2017.07.10-17.21.36:899][  0]LogWindows:    2. 'NVIDIA GeForce GTX 1070' (P:0 D:0)
[2017.07.10-17.21.36:899][  0]LogWindows:    3. 'NVIDIA GeForce GTX 1070' (P:0 D:0)
[2017.07.10-17.21.36:899][  0]LogWindows: DebugString: FoundDriverCount:4 
[2017.07.10-17.21.36:899][  0]LogD3D11RHI:     Adapter Name: NVIDIA GeForce GTX 1070
[2017.07.10-17.21.36:899][  0]LogD3D11RHI:   Driver Version: 376.33 (internal:21.21.13.7633, unified:376.33)
[2017.07.10-17.21.36:899][  0]LogD3D11RHI:      Driver Date: 12-11-2016
[2017.07.10-17.21.36:899][  0]LogRHI: Texture pool is 1361 MB (70% of 1945 MB)
[2017.07.10-17.21.36:914][  0]LogD3D11RHI: Async texture creation enabled
[2017.07.10-17.21.36:924][  0]LogD3D11RHI: GPU Timing Frequency: 1000.000000 (Debug: 2 1)
[2017.07.10-17.21.36:924][  0]LogShaderCompilers: Guid format shader working directory is 29 characters bigger than the processId version (D:/Project 0/Puzzlez/Intermediate/Shaders/WorkingDirectory/7272/).
[2017.07.10-17.21.36:925][  0]LogShaderCompilers: Cleaned the shader compiler working directory 'C:/Users/IGMAdmin/AppData/Local/Temp/UnrealShaderWorkingDir/35EEC5BC421A96641487BD9E162B961E/'.
[2017.07.10-17.21.36:925][  0]LogShaderCompilers:Display: Using Local Shader Compiler.
[2017.07.10-17.21.37:832][  0]LogTemp:Display: Loaded TP AllDesktopTargetPlatform
[2017.07.10-17.21.37:880][  0]LogTemp:Display: Loaded TP MacClientTargetPlatform
[2017.07.10-17.21.37:928][  0]LogTemp:Display: Loaded TP MacNoEditorTargetPlatform
[2017.07.10-17.21.37:978][  0]LogTemp:Display: Loaded TP MacServerTargetPlatform
[2017.07.10-17.21.38:036][  0]LogTemp:Display: Loaded TP MacTargetPlatform
[2017.07.10-17.21.38:103][  0]LogTemp:Display: Loaded TP WindowsClientTargetPlatform
[2017.07.10-17.21.38:153][  0]LogTemp:Display: Loaded TP WindowsNoEditorTargetPlatform
[2017.07.10-17.21.38:201][  0]LogTemp:Display: Loaded TP WindowsServerTargetPlatform
[2017.07.10-17.21.38:240][  0]LogTemp:Display: Loaded TP WindowsTargetPlatform
[2017.07.10-17.21.38:286][  0]LogTemp:Display: Loaded TP AndroidTargetPlatform
[2017.07.10-17.21.38:333][  0]LogTemp:Display: Loaded TP Android_ASTCTargetPlatform
[2017.07.10-17.21.38:379][  0]LogTemp:Display: Loaded TP Android_ATCTargetPlatform
[2017.07.10-17.21.38:425][  0]LogTemp:Display: Loaded TP Android_DXTTargetPlatform
[2017.07.10-17.21.38:471][  0]LogTemp:Display: Loaded TP Android_ETC1TargetPlatform
[2017.07.10-17.21.38:518][  0]LogTemp:Display: Loaded TP Android_ETC2TargetPlatform
[2017.07.10-17.21.38:611][  0]LogTemp:Display: Loaded TP Android_MultiTargetPlatform
[2017.07.10-17.21.38:611][  0]LogTemp:Display: Loaded TP Android_PVRTCTargetPlatform
[2017.07.10-17.21.38:644][  0]LogTemp:Display: Loaded TP HTML5TargetPlatform
[2017.07.10-17.21.38:721][  0]LogTemp:Display: Loaded TP IOSTargetPlatform
[2017.07.10-17.21.38:751][  0]LogTemp:Display: Loaded TP TVOSTargetPlatform
[2017.07.10-17.21.38:798][  0]LogTemp:Display: Loaded TP LinuxClientTargetPlatform
[2017.07.10-17.21.38:845][  0]LogTemp:Display: Loaded TP LinuxNoEditorTargetPlatform
[2017.07.10-17.21.38:891][  0]LogTemp:Display: Loaded TP LinuxServerTargetPlatform
[2017.07.10-17.21.38:938][  0]LogTemp:Display: Loaded TP LinuxTargetPlatform
[2017.07.10-17.21.38:938][  0]LogTargetPlatformManager:Display: Building Assets For Windows
[2017.07.10-17.21.39:278][  0]LogDerivedDataCache:Display: Max Cache Size: 512 MB
[2017.07.10-17.21.39:321][  0]LogDerivedDataCache: Loaded boot cache 0.04s 50MB C:/Users/IGMAdmin/AppData/Local/UnrealEngine/4.14/DerivedDataCache/Boot.ddc.
[2017.07.10-17.21.39:321][  0]LogDerivedDataCache:Display: Loaded Boot cache: C:/Users/IGMAdmin/AppData/Local/UnrealEngine/4.14/DerivedDataCache/Boot.ddc
[2017.07.10-17.21.39:321][  0]LogDerivedDataCache: FDerivedDataBackendGraph:  Pak pak cache file D:/Project 0/Puzzlez/DerivedDataCache/DDC.ddp not found, will not use a pak cache.
[2017.07.10-17.21.39:321][  0]LogDerivedDataCache: Unable to find inner node Pak for hierarchical cache Hierarchy.
[2017.07.10-17.21.39:321][  0]LogDerivedDataCache: FDerivedDataBackendGraph:  CompressedPak pak cache file D:/Project 0/Puzzlez/DerivedDataCache/Compressed.ddp not found, will not use a pak cache.
[2017.07.10-17.21.39:321][  0]LogDerivedDataCache: Unable to find inner node CompressedPak for hierarchical cache Hierarchy.
[2017.07.10-17.21.39:336][  0]LogDerivedDataCache:Display: Pak cache opened for reading ../../../Engine/DerivedDataCache/Compressed.ddp.
[2017.07.10-17.21.39:348][  0]LogDerivedDataCache: Using Local data cache path C:/Users/IGMAdmin/AppData/Local/UnrealEngine/Common/DerivedDataCache: Writable
[2017.07.10-17.21.39:518][  0]LogInit: Selected Device Profile: [Windows]
[2017.07.10-17.21.39:520][  0]LogContentStreaming: Texture pool size is 0.00 MB
[2017.07.10-17.21.39:697][  0]LogMeshUtilities: Using QuadricMeshReduction for automatic static mesh reduction
[2017.07.10-17.21.39:735][  0]LogSimplygon: Simplygon DLL not present - disabling.
[2017.07.10-17.21.39:774][  0]LogMeshUtilities: Using SimplygonSwarm for distributed automatic mesh merging
[2017.07.10-17.21.39:774][  0]LogMeshUtilities: No automatic skeletal mesh reduction module available
[2017.07.10-17.21.39:774][  0]LogMeshUtilities: No automatic mesh merging module available
[2017.07.10-17.21.40:194][  0]LogNetVersion: GetLocalNetworkVersion: CL: 3195953, ProjectName: puzzlez, ProjectVersion: , EngineNetworkVersion: 2, GameNetworkVersion: 0, NetworkChecksum: 3742952754
[2017.07.10-17.21.40:247][  0]LogAssetRegistry: FAssetRegistry took 0.0223 seconds to start up
[2017.07.10-17.21.40:286][  0]LogPackageLocalizationCache: Processed 3 localized package path(s) for 2 prioritized culture(s) in 0.016890 seconds
[2017.07.10-17.21.40:292][  0]LogUObjectArray: 31946 objects as part of root set at end of initial load.
[2017.07.10-17.21.40:292][  0]LogUObjectAllocator: 6935848 out of 0 bytes used by permanent object pool.
[2017.07.10-17.21.40:292][  0]LogUObjectArray: CloseDisregardForGC: 0/0 objects in disregard for GC pool
[2017.07.10-17.21.40:357][  0]LogInit: WinSock: version 1.1 (2.2), MaxSocks=32767, MaxUdp=65467
[2017.07.10-17.21.41:100][  0]LogSlate: Using Freetype 2.6.0
[2017.07.10-17.21.41:100][  0]LogSlate: SlateFontCache - WITH_FREETYPE: 1, WITH_HARFBUZZ: 1
[2017.07.10-17.21.41:100][  0]LogSlate: SlateFontCache - WITH_FREETYPE: 1, WITH_HARFBUZZ: 1
[2017.07.10-17.21.41:825][  0]LogTcpMessaging: Initializing TcpMessaging bridge
[2017.07.10-17.21.41:875][  0]LogUdpMessaging: Initializing bridge on interface 0.0.0.0:0 to multicast group 230.0.0.1:6666.
[2017.07.10-17.21.42:141][  0]LogMaterial: Uniform references updated for custom material expression Custom.
[2017.07.10-17.21.42:467][  0]SourceControl: Info Source control is disabled
[2017.07.10-17.21.42:499][  0]SourceControl: Info Source control is disabled
[2017.07.10-17.21.42:540][  0]SourceControl: Info Source control is disabled
[2017.07.10-17.21.42:579][  0]SourceControl: Info Source control is disabled
[2017.07.10-17.21.43:655][  0]LogEngine: Initializing Engine...
[2017.07.10-17.21.43:655][  0]LogHMD: Failed to initialize OpenVR with code 110
[2017.07.10-17.21.43:862][  0]LogAIModule: Creating AISystem for world Untitled
[2017.07.10-17.21.43:877][  0]LogInit: XAudio2 using 'DELL ST2320L-C (NVIDIA High Definition Audio)' : 2 channels at 48 kHz using 16 bits per sample (channel mask 0x3)
[2017.07.10-17.21.43:892][  0]LogInit: FAudioDevice initialized.
[2017.07.10-17.21.43:912][  0]LogDerivedDataCache: Saved boot cache 0.02s 50MB C:/Users/IGMAdmin/AppData/Local/UnrealEngine/4.14/DerivedDataCache/Boot.ddc.
[2017.07.10-17.21.43:920][  0]LogInit: Texture streaming: Enabled
[2017.07.10-17.21.44:078][  0]LogInit: Transaction tracking system initialized
[2017.07.10-17.21.44:376][  0]BlueprintLog: New page: Editor Load
[2017.07.10-17.21.45:191][  0]LocalizationService: Info Localization service is disabled
[2017.07.10-17.21.45:760][  0]LogConsoleResponse:Display: 
[2017.07.10-17.21.45:884][  0]LogCook:Display: Max memory allowance for cook 16384mb min free memory 0mb
[2017.07.10-17.21.45:884][  0]LogCook:Display: Mobile HDR setting 1
[2017.07.10-17.21.46:103][  0]LogFileCache: Scanning file cache for directory 'D:/Project 0/Puzzlez/Content/' took 0.01s
[2017.07.10-17.21.46:690][  0]SourceControl: Info Source control is disabled
[2017.07.10-17.21.46:690][  0]Cmd: MAP LOAD FILE="D:/Project 0/Puzzlez/Content/PuzzleBP/Maps/PuzzleExampleMap.umap" TEMPLATE=0 SHOWPROGRESS=1 FEATURELEVEL=3
[2017.07.10-17.21.46:691][  0]LightingResults: New page: Lighting Build
[2017.07.10-17.21.46:726][  0]MapCheck: New page: Map Check
[2017.07.10-17.21.46:726][  0]LightingResults: New page: Lighting Build
[2017.07.10-17.21.46:946][  0]LogTexture:Display: Building textures: HQ_Lightmap0_1 (AutoDXT)
[2017.07.10-17.21.46:962][  0]LogTexture:Display: Building textures: HQ_Lightmap0_2 (AutoDXT)
[2017.07.10-17.21.46:965][  0]LogTexture:Display: Building textures: LQ_Lightmap_0_1 (DXT1)
[2017.07.10-17.21.46:975][  0]LogTexture:Display: Building textures: LQ_Lightmap_0_2 (DXT1)
[2017.07.10-17.21.46:980][  0]LogTexture:Display: Building textures: SkyOcclusion0_1 (AutoDXT)
[2017.07.10-17.21.46:994][  0]LogTexture:Display: Building textures: SkyOcclusion0_2 (AutoDXT)
[2017.07.10-17.21.46:997][  0]LogTexture:Display: Building textures: ShadowMapTexture2D_0 (G8)
[2017.07.10-17.21.47:001][  0]LogTexture:Display: Building textures: ShadowMapTexture2D_1 (G8)
[2017.07.10-17.21.47:116][  0]LogAIModule: Creating AISystem for world PuzzleExampleMap
[2017.07.10-17.21.47:122][  0]LogEditorServer: Finished looking for orphan Actors (0.000 secs)
[2017.07.10-17.21.47:122][  0]Cmd: MAP CHECKDEP NOCLEARLOG
[2017.07.10-17.21.47:156][  0]MapCheck: Info Map check complete: 0 Error(s), 0 Warning(s), took 33.543ms to complete.
[2017.07.10-17.21.47:156][  0]LogFileHelpers: Loading map 'PuzzleExampleMap' took 0.466
[2017.07.10-17.21.47:217][  0]LogWindowsTextInputMethodSystem:Display: IME system now deactivated.
[2017.07.10-17.21.47:282][  0]LogCollectionManager: Loaded 0 collections in 0.001154 seconds
[2017.07.10-17.21.47:356][  0]LogFileCache: Scanning file cache for directory 'D:/Project 0/Puzzlez/Saved/Collections/' took 0.01s
[2017.07.10-17.21.47:356][  0]LogFileCache: Scanning file cache for directory 'D:/Project 0/Puzzlez/Content/Developers/IGMAdmin/Collections/' took 0.01s
[2017.07.10-17.21.47:356][  0]LogFileCache: Scanning file cache for directory 'D:/Project 0/Puzzlez/Content/Collections/' took 0.01s
[2017.07.10-17.21.47:356][  0]LogCollectionManager: Rebuilt the GUID cache for 0 collections in 0.000002 seconds
[2017.07.10-17.21.47:364][  0]LogContentBrowser: Native class hierarchy populated in 0.0075 seconds. Added 2190 classes and 428 folders.
[2017.07.10-17.21.47:400][  0]LogStats: UGameplayTagsManager::ConstructGameplayTagTree: Construct from data asset -  0.000 s
[2017.07.10-17.21.47:400][  0]LogStats: UGameplayTagsManager::ConstructGameplayTagTree: GameplayTagTreeChangedEvent.Broadcast -  0.000 s
[2017.07.10-17.21.47:401][  0]LogContentBrowser: Native class hierarchy updated for 'GameplayTags' in 0.0004 seconds. Added 13 classes and 0 folders.
[2017.07.10-17.21.47:454][  0]LogContentBrowser: Native class hierarchy updated for 'WidgetCarousel' in 0.0004 seconds. Added 0 classes and 0 folders.
[2017.07.10-17.21.47:484][  0]LogContentBrowser: Native class hierarchy updated for 'AddContentDialog' in 0.0004 seconds. Added 0 classes and 0 folders.
[2017.07.10-17.21.47:521][  0]LogContentBrowser: Native class hierarchy updated for 'SceneOutliner' in 0.0004 seconds. Added 1 classes and 2 folders.
[2017.07.10-17.21.47:554][  0]LogCrashTracker: Crashtracker disabled due to settings.
[2017.07.10-17.21.47:562][  0]LogUObjectGlobals:Warning: Failed to find object 'Class None.'
[2017.07.10-17.21.47:622][  0]LogContentBrowser: Native class hierarchy updated for 'HierarchicalLODOutliner' in 0.0004 seconds. Added 1 classes and 2 folders.
[2017.07.10-17.21.47:622][  0]LogLoad: (Engine Initialization) Total time: 12.56 seconds
[2017.07.10-17.21.47:622][  0]LogLoad: (Engine Initialization) Total Blueprint compile time: 0.13 seconds
[2017.07.10-17.21.47:622][  0]LogExternalProfiler: Found external profiler: VSPerf
[2017.07.10-17.21.47:622][  0]LogExternalProfiler: Using external profiler: VSPerf
[2017.07.10-17.21.47:631][  0]LogOcInput: OculusInput pre-init called
[2017.07.10-17.21.47:647][  0]LogAssetRegistry: Asset discovery search completed in 7.4221 seconds
[2017.07.10-17.21.47:647][  0]LogCollectionManager: Rebuilt the object cache for 0 collections in 0.000001 seconds (found 0 objects)
[2017.07.10-17.21.47:647][  0]LogCollectionManager: Fixed up redirectors for 0 collections in 0.000019 seconds (updated 0 objects)
[2017.07.10-17.21.47:649][  0]LogContentStreaming: Texture pool size now 1000 MB
[2017.07.10-17.21.47:787][  0]LogRenderer: Reallocating scene render targets to support 1208x576 NumSamples 1 (Frame:2).
[2017.07.10-17.21.53:031][613]LogTemp: Repeting last play command: Selected Viewport
[2017.07.10-17.21.53:035][613]LogBlueprintUserMessages: Early PlayInEditor Detection: Level '/Game/PuzzleBP/Maps/PuzzleExampleMap.PuzzleExampleMap:PersistentLevel' has LevelScriptBlueprint '/Game/PuzzleBP/Maps/PuzzleExampleMap.PuzzleExampleMap:PersistentLevel.PuzzleExampleMap' with GeneratedClass '/Game/PuzzleBP/Maps/PuzzleExampleMap.PuzzleExampleMap_C' with ClassGeneratedBy '/Game/PuzzleBP/Maps/PuzzleExampleMap.PuzzleExampleMap:PersistentLevel.PuzzleExampleMap'
[2017.07.10-17.21.53:035][613]LogPlayLevel: PlayLevel: No blueprints needed recompiling
[2017.07.10-17.21.53:036][613]PIE: New page: PIE session: PuzzleExampleMap (Jul 10, 2017, 9:21:53 AM)
[2017.07.10-17.21.53:036][613]LogPlayLevel: Creating play world package: /Game/PuzzleBP/Maps/UEDPIE_0_PuzzleExampleMap
[2017.07.10-17.21.53:056][613]LogPlayLevel: PIE: StaticDuplicateObject took: (0.020083s)
[2017.07.10-17.21.53:056][613]LogAIModule: Creating AISystem for world PuzzleExampleMap
[2017.07.10-17.21.53:057][613]LogPlayLevel: PIE: World Init took: (0.000773s)
[2017.07.10-17.21.53:057][613]LogPlayLevel: PIE: Created PIE world by copying editor world from /Game/PuzzleBP/Maps/PuzzleExampleMap.PuzzleExampleMap to /Game/PuzzleBP/Maps/UEDPIE_0_PuzzleExampleMap.PuzzleExampleMap (0.021084s)
[2017.07.10-17.21.53:087][613]LogInit: XAudio2 using 'DELL ST2320L-C (NVIDIA High Definition Audio)' : 2 channels at 48 kHz using 16 bits per sample (channel mask 0x3)
[2017.07.10-17.21.53:091][613]LogInit: FAudioDevice initialized.
[2017.07.10-17.21.53:136][613]LogLoad: Game class is 'PuzzleGameMode_C'
[2017.07.10-17.21.53:138][613]LogWorld: Bringing World /Game/PuzzleBP/Maps/UEDPIE_0_PuzzleExampleMap.PuzzleExampleMap up for play (max tick rate 0) at 2017.07.10-13.21.53
[2017.07.10-17.21.53:138][613]LogWorld: Bringing up level for play took: 0.001040
[2017.07.10-17.21.53:179][613]LogContentBrowser: Native class hierarchy updated for 'MovieSceneCapture' in 0.0005 seconds. Added 11 classes and 0 folders.
[2017.07.10-17.21.53:184][613]PIE: Info Play in editor start time for /Game/PuzzleBP/Maps/UEDPIE_0_PuzzleExampleMap -0.163
[2017.07.10-17.21.53:184][613]LogBlueprintUserMessages: Late PlayInEditor Detection: Level '/Game/PuzzleBP/Maps/PuzzleExampleMap.PuzzleExampleMap:PersistentLevel' has LevelScriptBlueprint '/Game/PuzzleBP/Maps/PuzzleExampleMap.PuzzleExampleMap:PersistentLevel.PuzzleExampleMap' with GeneratedClass '/Game/PuzzleBP/Maps/PuzzleExampleMap.PuzzleExampleMap_C' with ClassGeneratedBy '/Game/PuzzleBP/Maps/PuzzleExampleMap.PuzzleExampleMap:PersistentLevel.PuzzleExampleMap'
[2017.07.10-17.22.06:545][212]Cmd: OBJ SAVEPACKAGE PACKAGE="/Game/PuzzleBP/Maps/PuzzleExampleMap" FILE="D:/Project 0/Puzzlez/Content/PuzzleBP/Maps/PuzzleExampleMap.umap" SILENT=true AUTOSAVING=false KEEPDIRTY=false
[2017.07.10-17.22.06:654][212]LogSavePackage: Save=84.25ms
[2017.07.10-17.22.06:654][212]LogSavePackage: Moving 'D:/Project 0/Puzzlez/Saved/PuzzleExampleMapD4CC8DAD4D7CF923C78F0C8BD3E7F1C2.tmp' to 'D:/Project 0/Puzzlez/Content/PuzzleBP/Maps/PuzzleExampleMap.umap'
[2017.07.10-17.22.06:655][212]LogSavePackage:Display: Finished SavePackage D:/Project 0/Puzzlez/Content/PuzzleBP/Maps/PuzzleExampleMap.umap
[2017.07.10-17.22.06:668][212]Cmd: OBJ SAVEPACKAGE PACKAGE="/Game/PuzzleBP/Maps/PuzzleExampleMap_BuiltData" FILE="D:/Project 0/Puzzlez/Content/PuzzleBP/Maps/PuzzleExampleMap_BuiltData.uasset" SILENT=true
[2017.07.10-17.22.06:707][212]LogSavePackage: Save=34.74ms
[2017.07.10-17.22.06:707][212]LogSavePackage: Moving 'D:/Project 0/Puzzlez/Saved/PuzzleExampleMap_BuiltData0285EE3A406FFB4A86BEE5A466ADD0A7.tmp' to 'D:/Project 0/Puzzlez/Content/PuzzleBP/Maps/PuzzleExampleMap_BuiltData.uasset'
[2017.07.10-17.22.06:707][212]LogSavePackage:Display: Finished SavePackage D:/Project 0/Puzzlez/Content/PuzzleBP/Maps/PuzzleExampleMap_BuiltData.uasset
[2017.07.10-17.22.08:900][475]Cmd: SELECT NONE
[2017.07.10-17.22.10:425][658]Cmd: SELECT NONE
[2017.07.10-17.22.10:816][705]Cmd: SELECT NONE
[2017.07.10-17.22.11:083][737]Cmd: SELECT NONE
[2017.07.10-17.22.11:300][763]Cmd: SELECT NONE
[2017.07.10-17.22.12:583][917]LogBlueprintUserMessages: Early EndPlayMap Detection: Level '/Game/PuzzleBP/Maps/PuzzleExampleMap.PuzzleExampleMap:PersistentLevel' has LevelScriptBlueprint '/Game/PuzzleBP/Maps/PuzzleExampleMap.PuzzleExampleMap:PersistentLevel.PuzzleExampleMap' with GeneratedClass '/Game/PuzzleBP/Maps/PuzzleExampleMap.PuzzleExampleMap_C' with ClassGeneratedBy '/Game/PuzzleBP/Maps/PuzzleExampleMap.PuzzleExampleMap:PersistentLevel.PuzzleExampleMap'
[2017.07.10-17.22.12:609][917]LogStats: FPlatformStackWalk::StackWalkAndDump -  0.021 s
[2017.07.10-17.22.12:609][917]LogOutputDevice:Error: === Handled ensure: ===
[2017.07.10-17.22.12:609][917]LogOutputDevice:Error: 
[2017.07.10-17.22.12:609][917]LogOutputDevice:Error: Ensure condition failed: NewObject->IsA(this->GeneratedClass) [File:D:\Build\++UE4+Release-4.14+Compile\Sync\Engine\Source\Runtime\Engine\Private\Blueprint.cpp] [Line: 717]
[2017.07.10-17.22.12:609][917]LogOutputDevice:Error: Type mismatch: Expected PuzzleExampleMap_C, Found LevelScriptBlueprint
[2017.07.10-17.22.12:609][917]LogOutputDevice:Error: Stack: 
[2017.07.10-17.22.12:609][917]LogOutputDevice:Error: UE4Editor-Core.dll
[2017.07.10-17.22.12:609][917]LogOutputDevice:Error: UE4Editor-Core.dll
[2017.07.10-17.22.12:609][917]LogOutputDevice:Error: UE4Editor-Core.dll
[2017.07.10-17.22.12:609][917]LogOutputDevice:Error: UE4Editor-Engine.dll
[2017.07.10-17.22.12:609][917]LogOutputDevice:Error: UE4Editor-Engine.dll
[2017.07.10-17.22.12:609][917]LogOutputDevice:Error: UE4Editor-UnrealEd.dll
[2017.07.10-17.22.12:609][917]LogOutputDevice:Error: UE4Editor-UnrealEd.dll
[2017.07.10-17.22.12:609][917]LogOutputDevice:Error: UE4Editor-UnrealEd.dll
[2017.07.10-17.22.12:609][917]LogOutputDevice:Error: UE4Editor-UnrealEd.dll
[2017.07.10-17.22.12:609][917]LogOutputDevice:Error: UE4Editor.exe
[2017.07.10-17.22.12:609][917]LogOutputDevice:Error: UE4Editor.exe
[2017.07.10-17.22.12:609][917]LogOutputDevice:Error: UE4Editor.exe
[2017.07.10-17.22.12:609][917]LogOutputDevice:Error: UE4Editor.exe
[2017.07.10-17.22.12:609][917]LogOutputDevice:Error: UE4Editor.exe
[2017.07.10-17.22.12:609][917]LogOutputDevice:Error: KERNEL32.DLL
[2017.07.10-17.22.12:609][917]LogOutputDevice:Error: ntdll.dll
[2017.07.10-17.22.12:609][917]LogOutputDevice:Error: 
[2017.07.10-17.22.12:619][917]LogStats:                SubmitErrorReport -  0.000 s
[2017.07.10-17.22.13:205][917]LogStats:                    SendNewReport -  0.586 s
[2017.07.10-17.22.13:205][917]LogStats:             FDebug::EnsureFailed -  0.618 s
[2017.07.10-17.22.13:236][917]LogBlueprintUserMessages: Late EndPlayMap Detection: Level '/Game/PuzzleBP/Maps/PuzzleExampleMap.PuzzleExampleMap:PersistentLevel' has LevelScriptBlueprint '/Game/PuzzleBP/Maps/PuzzleExampleMap.PuzzleExampleMap:PersistentLevel.PuzzleExampleMap' with GeneratedClass '/Game/PuzzleBP/Maps/PuzzleExampleMap.PuzzleExampleMap_C' with ClassGeneratedBy '/Game/PuzzleBP/Maps/PuzzleExampleMap.PuzzleExampleMap:PersistentLevel.PuzzleExampleMap'
[2017.07.10-17.22.15:289][159]LogTemp: Repeting last play command: Selected Viewport
[2017.07.10-17.22.15:298][159]LogBlueprintUserMessages: Early PlayInEditor Detection: Level '/Game/PuzzleBP/Maps/PuzzleExampleMap.PuzzleExampleMap:PersistentLevel' has LevelScriptBlueprint '/Game/PuzzleBP/Maps/PuzzleExampleMap.PuzzleExampleMap:PersistentLevel.PuzzleExampleMap' with GeneratedClass '/Game/PuzzleBP/Maps/PuzzleExampleMap.PuzzleExampleMap_C' with ClassGeneratedBy '/Game/PuzzleBP/Maps/PuzzleExampleMap.PuzzleExampleMap:PersistentLevel.PuzzleExampleMap'
[2017.07.10-17.22.15:299][159]LogPlayLevel: PlayLevel: No blueprints needed recompiling
[2017.07.10-17.22.15:299][159]PIE: New page: PIE session: PuzzleExampleMap (Jul 10, 2017, 9:22:15 AM)
[2017.07.10-17.22.15:299][159]LogPlayLevel: Creating play world package: /Game/PuzzleBP/Maps/UEDPIE_0_PuzzleExampleMap
[2017.07.10-17.22.15:317][159]LogPlayLevel: PIE: StaticDuplicateObject took: (0.018518s)
[2017.07.10-17.22.15:318][159]LogAIModule: Creating AISystem for world PuzzleExampleMap
[2017.07.10-17.22.15:318][159]LogPlayLevel: PIE: World Init took: (0.000699s)
[2017.07.10-17.22.15:318][159]LogPlayLevel: PIE: Created PIE world by copying editor world from /Game/PuzzleBP/Maps/PuzzleExampleMap.PuzzleExampleMap to /Game/PuzzleBP/Maps/UEDPIE_0_PuzzleExampleMap.PuzzleExampleMap (0.019460s)
[2017.07.10-17.22.15:350][159]LogInit: XAudio2 using 'DELL ST2320L-C (NVIDIA High Definition Audio)' : 2 channels at 48 kHz using 16 bits per sample (channel mask 0x3)
[2017.07.10-17.22.15:354][159]LogInit: FAudioDevice initialized.
[2017.07.10-17.22.15:386][159]LogLoad: Game class is 'PuzzleGameMode_C'
[2017.07.10-17.22.15:388][159]LogWorld: Bringing World /Game/PuzzleBP/Maps/UEDPIE_0_PuzzleExampleMap.PuzzleExampleMap up for play (max tick rate 0) at 2017.07.10-13.22.15
[2017.07.10-17.22.15:388][159]LogWorld: Bringing up level for play took: 0.001318
[2017.07.10-17.22.15:390][159]PIE: Info Play in editor start time for /Game/PuzzleBP/Maps/UEDPIE_0_PuzzleExampleMap 0.044
[2017.07.10-17.22.15:391][159]LogBlueprintUserMessages: Late PlayInEditor Detection: Level '/Game/PuzzleBP/Maps/PuzzleExampleMap.PuzzleExampleMap:PersistentLevel' has LevelScriptBlueprint '/Game/PuzzleBP/Maps/PuzzleExampleMap.PuzzleExampleMap:PersistentLevel.PuzzleExampleMap' with GeneratedClass '/Game/PuzzleBP/Maps/PuzzleExampleMap.PuzzleExampleMap_C' with ClassGeneratedBy '/Game/PuzzleBP/Maps/PuzzleExampleMap.PuzzleExampleMap:PersistentLevel.PuzzleExampleMap'
[2017.07.10-17.22.15:780][203]LogBlueprintUserMessages: Early EndPlayMap Detection: Level '/Game/PuzzleBP/Maps/PuzzleExampleMap.PuzzleExampleMap:PersistentLevel' has LevelScriptBlueprint '/Game/PuzzleBP/Maps/PuzzleExampleMap.PuzzleExampleMap:PersistentLevel.PuzzleExampleMap' with GeneratedClass '/Game/PuzzleBP/Maps/PuzzleExampleMap.PuzzleExampleMap_C' with ClassGeneratedBy '/Game/PuzzleBP/Maps/PuzzleExampleMap.PuzzleExampleMap:PersistentLevel.PuzzleExampleMap'
[2017.07.10-17.22.15:810][203]LogBlueprintUserMessages: Late EndPlayMap Detection: Level '/Game/PuzzleBP/Maps/PuzzleExampleMap.PuzzleExampleMap:PersistentLevel' has LevelScriptBlueprint '/Game/PuzzleBP/Maps/PuzzleExampleMap.PuzzleExampleMap:PersistentLevel.PuzzleExampleMap' with GeneratedClass '/Game/PuzzleBP/Maps/PuzzleExampleMap.PuzzleExampleMap_C' with ClassGeneratedBy '/Game/PuzzleBP/Maps/PuzzleExampleMap.PuzzleExampleMap:PersistentLevel.PuzzleExampleMap'
[2017.07.10-17.22.21:320][859]LogEditorViewport: Clicking on Actor (LMB): SkyLight (SkyLight)
[2017.07.10-17.22.26:297][446]LogEditorViewport: Clicking on Actor (LMB): SphereReflectionCapture (SphereReflectionCapture)
[2017.07.10-17.22.36:415][653]LogEditorViewport: Clicking on Actor (LMB): SkyLight (SkyLight)
[2017.07.10-17.22.42:936][427]LogWindowsTextInputMethodSystem:Display: IME system now deactivated.
[2017.07.10-17.22.42:937][427]LogWindowsTextInputMethodSystem:Display: IME system now deactivated.
[2017.07.10-17.22.43:084][428]Cmd: QUIT_EDITOR
[2017.07.10-17.22.43:737][428]LogExit: Preparing to exit.
[2017.07.10-17.22.44:123][428]LogExit: Editor shut down
[2017.07.10-17.22.44:123][428]LogExit: Transaction tracking system shut down
[2017.07.10-17.22.44:171][428]LogObj: Freed 0b from 0 cluster array pools.
[2017.07.10-17.22.44:171][428]LogExit: Object subsystem successfully closed.
[2017.07.10-17.22.44:186][428]LogD3D11RHI: Shutdown
[2017.07.10-17.22.44:186][428]LogD3D11RHI: CleanupD3DDevice
[2017.07.10-17.22.44:240][428]LogD3D11RHI: ~FD3D11DynamicRHI
[2017.07.10-17.22.44:254][428]LogHttp:Display: Http module shutting down, but needs to wait on 1 outstanding Http requests:
[2017.07.10-17.22.44:254][428]LogHttp:Display: 	verb=[POST] url=[https://datarouter.ol.epicgames.com/datarouter/api/v1/public/data?SessionID=%7BFCCF5559-4FAA-DDB3-C94E-54B45A6F5323%7D&AppID=UEEditor.Rocket.Release&AppVersion=4.14.3-3249277%2B%2B%2BUE4%2BRelease-4.14&UserID=822a24ed4865cb29cef75ea46c8807bb%7Ce3d47ccf707444109e99260ec1c500b6%7Ca59d3b82-35a8-4791-a9a2-916a193a2c3c&AppEnvironment=datacollector-binary&UploadType=eteventstream] status=Processing
[2017.07.10-17.22.44:254][428]LogHttp:Display: Sleeping 0.5s to wait for 1 outstanding Http requests.
[2017.07.10-17.22.44:788][428]LogModuleManager: Shutting down and abandoning module MovieSceneCapture (242)
[2017.07.10-17.22.44:788][428]LogModuleManager: Shutting down and abandoning module HierarchicalLODOutliner (241)
[2017.07.10-17.22.44:788][428]LogModuleManager: Shutting down and abandoning module CrashTracker (240)
[2017.07.10-17.22.44:788][428]LogModuleManager: Shutting down and abandoning module SceneOutliner (239)
[2017.07.10-17.22.44:788][428]LogModuleManager: Shutting down and abandoning module WidgetCarousel (238)
[2017.07.10-17.22.44:788][428]LogModuleManager: Shutting down and abandoning module AddContentDialog (237)
[2017.07.10-17.22.44:788][428]LogDirectoryWatcher: A directory notification for 'C:/Program Files (x86)/Epic Games/4.14/FeaturePacks/' was aborted.
[2017.07.10-17.22.44:788][428]LogModuleManager: Shutting down and abandoning module GameplayTags (236)
[2017.07.10-17.22.44:788][428]LogModuleManager: Shutting down and abandoning module EditorWidgets (235)
[2017.07.10-17.22.44:788][428]LogModuleManager: Shutting down and abandoning module CollectionManager (234)
[2017.07.10-17.22.44:788][428]LogDirectoryWatcher: A directory notification for 'D:/Project 0/Puzzlez/Content/Collections/' was aborted.
[2017.07.10-17.22.44:788][428]LogDirectoryWatcher: A directory notification for 'D:/Project 0/Puzzlez/Content/Developers/IGMAdmin/Collections/' was aborted.
[2017.07.10-17.22.44:788][428]LogDirectoryWatcher: A directory notification for 'D:/Project 0/Puzzlez/Saved/Collections/' was aborted.
[2017.07.10-17.22.44:789][428]LogModuleManager: Shutting down and abandoning module StatsViewer (233)
[2017.07.10-17.22.44:789][428]LogModuleManager: Shutting down and abandoning module FoliageEdit (232)
[2017.07.10-17.22.44:789][428]LogModuleManager: Shutting down and abandoning module LandscapeEditor (231)
[2017.07.10-17.22.44:789][428]LogModuleManager: Shutting down and abandoning module SceneDepthPickerMode (230)
[2017.07.10-17.22.44:789][428]LogModuleManager: Shutting down and abandoning module ActorPickerMode (229)
[2017.07.10-17.22.44:789][428]LogModuleManager: Shutting down and abandoning module GeometryMode (228)
[2017.07.10-17.22.44:789][428]LogModuleManager: Shutting down and abandoning module TextureAlignMode (227)
[2017.07.10-17.22.44:789][428]LogModuleManager: Shutting down and abandoning module BspMode (226)
[2017.07.10-17.22.44:789][428]LogModuleManager: Shutting down and abandoning module HardwareSurvey (225)
[2017.07.10-17.22.44:789][428]LogModuleManager: Shutting down and abandoning module SequenceRecorderSections (224)
[2017.07.10-17.22.44:789][428]LogModuleManager: Shutting down and abandoning module AutomationWorker (223)
[2017.07.10-17.22.44:789][428]LogModuleManager: Shutting down and abandoning module MatineeToLevelSequence (222)
[2017.07.10-17.22.44:789][428]LogModuleManager: Shutting down and abandoning module PlacementMode (221)
[2017.07.10-17.22.44:789][428]LogModuleManager: Shutting down and abandoning module LevelSequenceEditor (220)
[2017.07.10-17.22.44:789][428]LogModuleManager: Shutting down and abandoning module WmfMediaFactory (219)
[2017.07.10-17.22.44:789][428]LogModuleManager: Shutting down and abandoning module WmfMediaEditor (218)
[2017.07.10-17.22.44:789][428]LogModuleManager: Shutting down and abandoning module AvfMediaFactory (217)
[2017.07.10-17.22.44:789][428]LogModuleManager: Shutting down and abandoning module AvfMediaEditor (216)
[2017.07.10-17.22.44:789][428]LogModuleManager: Shutting down and abandoning module Media (215)
[2017.07.10-17.22.44:789][428]LogModuleManager: Shutting down and abandoning module AndroidMediaFactory (214)
[2017.07.10-17.22.44:789][428]LogModuleManager: Shutting down and abandoning module AndroidMediaEditor (213)
[2017.07.10-17.22.44:789][428]LogModuleManager: Shutting down and abandoning module CharacterAI (212)
[2017.07.10-17.22.44:789][428]LogModuleManager: Shutting down and abandoning module SequenceRecorder (211)
[2017.07.10-17.22.44:789][428]LogModuleManager: Shutting down and abandoning module AudioCapture (210)
[2017.07.10-17.22.44:789][428]LogModuleManager: Shutting down and abandoning module SmartSnapping (209)
[2017.07.10-17.22.44:789][428]LogModuleManager: Shutting down and abandoning module SessionServices (208)
[2017.07.10-17.22.44:789][428]LogModuleManager: Shutting down and abandoning module ViewportSnapping (207)
[2017.07.10-17.22.44:789][428]LogModuleManager: Shutting down and abandoning module ViewportInteraction (206)
[2017.07.10-17.22.44:789][428]LogModuleManager: Shutting down and abandoning module LogVisualizer (205)
[2017.07.10-17.22.44:789][428]LogModuleManager: Shutting down and abandoning module GameProjectGeneration (204)
[2017.07.10-17.22.44:789][428]LogModuleManager: Shutting down and abandoning module IntroTutorials (203)
[2017.07.10-17.22.44:789][428]LogModuleManager: Shutting down and abandoning module EditorLiveStreaming (202)
[2017.07.10-17.22.44:789][428]LogModuleManager: Shutting down and abandoning module IOSPlatformEditor (201)
[2017.07.10-17.22.44:789][428]LogModuleManager: Shutting down and abandoning module HTML5PlatformEditor (200)
[2017.07.10-17.22.44:789][428]LogModuleManager: Shutting down and abandoning module AndroidDeviceDetection (199)
[2017.07.10-17.22.45:516][428]LogModuleManager: Shutting down and abandoning module AndroidPlatformEditor (198)
[2017.07.10-17.22.45:516][428]LogModuleManager: Shutting down and abandoning module IOSRuntimeSettings (197)
[2017.07.10-17.22.45:516][428]LogModuleManager: Shutting down and abandoning module AndroidRuntimeSettings (196)
[2017.07.10-17.22.45:516][428]LogModuleManager: Shutting down and abandoning module InputBindingEditor (195)
[2017.07.10-17.22.45:516][428]LogModuleManager: Shutting down and abandoning module NiagaraEditor (194)
[2017.07.10-17.22.45:516][428]LogModuleManager: Shutting down and abandoning module MergeActors (193)
[2017.07.10-17.22.45:516][428]LogModuleManager: Shutting down and abandoning module SizeMap (192)
[2017.07.10-17.22.45:516][428]LogModuleManager: Shutting down and abandoning module TreeMap (191)
[2017.07.10-17.22.45:516][428]LogModuleManager: Shutting down and abandoning module ReferenceViewer (190)
[2017.07.10-17.22.45:516][428]LogModuleManager: Shutting down and abandoning module LocalizationService (189)
[2017.07.10-17.22.45:516][428]LogModuleManager: Shutting down and abandoning module LocalizationDashboard (188)
[2017.07.10-17.22.45:516][428]LogModuleManager: Shutting down and abandoning module HardwareTargeting (187)
[2017.07.10-17.22.45:516][428]LogModuleManager: Shutting down and abandoning module DeviceProfileEditor (186)
[2017.07.10-17.22.45:516][428]LogModuleManager: Shutting down and abandoning module UndoHistory (185)
[2017.07.10-17.22.45:516][428]LogModuleManager: Shutting down and abandoning module UserFeedback (184)
[2017.07.10-17.22.45:516][428]LogModuleManager: Shutting down and abandoning module XmlParser (183)
[2017.07.10-17.22.45:516][428]LogModuleManager: Shutting down and abandoning module Blutility (182)
[2017.07.10-17.22.45:516][428]LogModuleManager: Shutting down and abandoning module ProjectTargetPlatformEditor (181)
[2017.07.10-17.22.45:516][428]LogModuleManager: Shutting down and abandoning module ProjectSettingsViewer (180)
[2017.07.10-17.22.45:517][428]LogModuleManager: Shutting down and abandoning module EditorSettingsViewer (179)
[2017.07.10-17.22.45:517][428]LogModuleManager: Shutting down and abandoning module SettingsEditor (178)
[2017.07.10-17.22.45:517][428]LogModuleManager: Shutting down and abandoning module ProjectLauncher (177)
[2017.07.10-17.22.45:517][428]LogModuleManager: Shutting down and abandoning module SessionFrontend (176)
[2017.07.10-17.22.45:517][428]LogModuleManager: Shutting down and abandoning module ProfilerClient (175)
[2017.07.10-17.22.45:517][428]LogModuleManager: Shutting down and abandoning module TargetDeviceServices (174)
[2017.07.10-17.22.45:517][428]LogModuleManager: Shutting down and abandoning module DeviceManager (173)
[2017.07.10-17.22.45:573][428]LogModuleManager: Shutting down and abandoning module AutomationController (172)
[2017.07.10-17.22.45:573][428]LogModuleManager: Shutting down and abandoning module AutomationWindow (171)
[2017.07.10-17.22.45:573][428]LogModuleManager: Shutting down and abandoning module Layers (170)
[2017.07.10-17.22.45:573][428]LogModuleManager: Shutting down and abandoning module ComponentVisualizers (169)
[2017.07.10-17.22.45:573][428]LogModuleManager: Shutting down and abandoning module DetailCustomizations (168)
[2017.07.10-17.22.45:573][428]LogModuleManager: Shutting down and abandoning module PackagesDialog (167)
[2017.07.10-17.22.45:573][428]LogModuleManager: Shutting down and abandoning module AnimGraph (166)
[2017.07.10-17.22.45:573][428]LogModuleManager: Shutting down and abandoning module Persona (165)
[2017.07.10-17.22.45:573][428]LogModuleManager: Shutting down and abandoning module Kismet (164)
[2017.07.10-17.22.45:573][428]LogModuleManager: Shutting down and abandoning module GraphEditor (163)
[2017.07.10-17.22.45:573][428]LogModuleManager: Shutting down and abandoning module ClassViewer (162)
[2017.07.10-17.22.45:573][428]LogModuleManager: Shutting down and abandoning module Toolbox (161)
[2017.07.10-17.22.45:573][428]LogModuleManager: Shutting down and abandoning module ModuleUI (160)
[2017.07.10-17.22.45:573][428]LogModuleManager: Shutting down and abandoning module MovieSceneTools (159)
[2017.07.10-17.22.45:573][428]LogModuleManager: Shutting down and abandoning module OutputLog (158)
[2017.07.10-17.22.45:573][428]LogModuleManager: Shutting down and abandoning module GammaUI (157)
[2017.07.10-17.22.45:573][428]LogModuleManager: Shutting down and abandoning module Documentation (156)
[2017.07.10-17.22.45:573][428]LogModuleManager: Shutting down and abandoning module Niagara (155)
[2017.07.10-17.22.45:573][428]LogModuleManager: Shutting down and abandoning module StreamingPauseRendering (154)
[2017.07.10-17.22.45:573][428]LogModuleManager: Shutting down and abandoning module AnalyticsET (153)
[2017.07.10-17.22.45:573][428]LogModuleManager: Shutting down and abandoning module PortalServices (152)
[2017.07.10-17.22.45:573][428]LogModuleManager: Shutting down and abandoning module PortalRpc (151)
[2017.07.10-17.22.45:573][428]LogModuleManager: Shutting down and abandoning module MessagingRpc (150)
[2017.07.10-17.22.45:573][428]LogModuleManager: Shutting down and abandoning module GameplayDebugger (149)
[2017.07.10-17.22.45:573][428]LogModuleManager: Shutting down and abandoning module AITestSuite (148)
[2017.07.10-17.22.45:573][428]LogModuleManager: Shutting down and abandoning module AIModule (147)
[2017.07.10-17.22.45:573][428]LogModuleManager: Shutting down and abandoning module ProfilerService (146)
[2017.07.10-17.22.45:731][428]LogModuleManager: Shutting down and abandoning module TaskGraph (145)
[2017.07.10-17.22.45:731][428]LogModuleManager: Shutting down and abandoning module SlateRemote (144)
[2017.07.10-17.22.45:731][428]LogModuleManager: Shutting down and abandoning module SteamVRController (143)
[2017.07.10-17.22.45:731][428]LogModuleManager: Shutting down and abandoning module SteamVR (142)
[2017.07.10-17.22.45:731][428]LogModuleManager: Shutting down and abandoning module ProceduralMeshComponentEditor (141)
[2017.07.10-17.22.45:731][428]LogModuleManager: Shutting down and abandoning module ProceduralMeshComponent (140)
[2017.07.10-17.22.45:731][428]LogModuleManager: Shutting down and abandoning module OculusLibrary (139)
[2017.07.10-17.22.45:731][428]LogModuleManager: Shutting down and abandoning module OculusInput (138)
[2017.07.10-17.22.45:731][428]LogModuleManager: Shutting down and abandoning module MobilePatchingUtils (137)
[2017.07.10-17.22.45:731][428]LogModuleManager: Shutting down and abandoning module CustomMeshComponent (136)
[2017.07.10-17.22.45:731][428]LogModuleManager: Shutting down and abandoning module CableComponent (135)
[2017.07.10-17.22.45:731][428]LogModuleManager: Shutting down and abandoning module ArchVisCharacter (134)
[2017.07.10-17.22.45:731][428]LogModuleManager: Shutting down and abandoning module MediaPlayerEditor (132)
[2017.07.10-17.22.45:731][428]LogModuleManager: Shutting down and abandoning module HTML5Networking (131)
[2017.07.10-17.22.45:731][428]LogModuleManager: Shutting down and abandoning module GeometryCacheEd (130)
[2017.07.10-17.22.45:731][428]LogModuleManager: Shutting down and abandoning module GeometryCache (129)
[2017.07.10-17.22.45:731][428]LogModuleManager: Shutting down and abandoning module AlembicLibrary (128)
[2017.07.10-17.22.45:731][428]LogModuleManager: Shutting down and abandoning module AlembicImporter (127)
[2017.07.10-17.22.45:731][428]LogModuleManager: Shutting down and abandoning module SuperSearch (126)
[2017.07.10-17.22.45:731][428]LogModuleManager: Shutting down and abandoning module SuperSearchEditor (125)
[2017.07.10-17.22.45:731][428]LogModuleManager: Shutting down and abandoning module SpeedTreeImporter (124)
[2017.07.10-17.22.45:731][428]LogModuleManager: Shutting down and abandoning module PluginBrowser (123)
[2017.07.10-17.22.45:731][428]LogModuleManager: Shutting down and abandoning module MobileLauncherProfileWizard (122)
[2017.07.10-17.22.45:731][428]LogModuleManager: Shutting down and abandoning module EpicSurvey (121)
[2017.07.10-17.22.45:731][428]LogModuleManager: Shutting down and abandoning module DesktopPlatform (120)
[2017.07.10-17.22.45:731][428]LogModuleManager: Shutting down and abandoning module VisualStudioSourceCodeAccess (119)
[2017.07.10-17.22.45:731][428]LogModuleManager: Shutting down and abandoning module UObjectPlugin (118)
[2017.07.10-17.22.45:731][428]LogModuleManager: Shutting down and abandoning module SubversionSourceControl (117)
[2017.07.10-17.22.45:731][428]LogModuleManager: Shutting down and abandoning module PerforceSourceControl (116)
[2017.07.10-17.22.45:731][428]LogModuleManager: Shutting down and abandoning module SourceControl (115)
[2017.07.10-17.22.45:731][428]LogModuleManager: Shutting down and abandoning module GitSourceControl (114)
[2017.07.10-17.22.45:731][428]LogModuleManager: Shutting down and abandoning module LightPropagationVolumeEditor (113)
[2017.07.10-17.22.45:731][428]LogModuleManager: Shutting down and abandoning module PaperTiledImporter (112)
[2017.07.10-17.22.45:731][428]LogModuleManager: Shutting down and abandoning module PaperSpriteSheetImporter (111)
[2017.07.10-17.22.45:731][428]LogModuleManager: Shutting down and abandoning module MeshPaint (110)
[2017.07.10-17.22.45:731][428]LogModuleManager: Shutting down and abandoning module PixelInspectorModule (109)
[2017.07.10-17.22.45:731][428]LogModuleManager: Shutting down and abandoning module HotReload (108)
[2017.07.10-17.22.45:731][428]LogModuleManager: Shutting down and abandoning module MainFrame (107)
[2017.07.10-17.22.45:731][428]LogModuleManager: Shutting down and abandoning module LevelEditor (106)
[2017.07.10-17.22.45:731][428]LogModuleManager: Shutting down and abandoning module ContentBrowser (105)
[2017.07.10-17.22.45:732][428]LogModuleManager: Shutting down and abandoning module Paper2DEditor (104)
[2017.07.10-17.22.45:732][428]LogModuleManager: Shutting down and abandoning module UdpMessaging (103)
[2017.07.10-17.22.45:833][428]LogModuleManager: Shutting down and abandoning module TcpMessaging (102)
[2017.07.10-17.22.45:934][428]LogModuleManager: Shutting down and abandoning module LightPropagationVolumeRuntime (101)
[2017.07.10-17.22.45:934][428]LogModuleManager: Shutting down and abandoning module Paper2D (100)
[2017.07.10-17.22.45:934][428]LogModuleManager: Shutting down and abandoning module WindowsMoviePlayer (99)
[2017.07.10-17.22.45:934][428]LogModuleManager: Shutting down and abandoning module WmfMedia (98)
[2017.07.10-17.22.45:934][428]LogModuleManager: Shutting down and abandoning module MediaAssets (97)
[2017.07.10-17.22.45:934][428]LogModuleManager: Shutting down and abandoning module GameLiveStreaming (96)
[2017.07.10-17.22.45:934][428]LogModuleManager: Shutting down and abandoning module GameplayTagsEditor (95)
[2017.07.10-17.22.45:934][428]LogModuleManager: Shutting down and abandoning module VREditor (94)
[2017.07.10-17.22.45:934][428]LogModuleManager: Shutting down and abandoning module GameplayTasksEditor (93)
[2017.07.10-17.22.45:934][428]LogModuleManager: Shutting down and abandoning module BehaviorTreeEditor (92)
[2017.07.10-17.22.45:934][428]LogModuleManager: Shutting down and abandoning module FunctionalTesting (91)
[2017.07.10-17.22.45:934][428]LogModuleManager: Shutting down and abandoning module CollisionAnalyzer (90)
[2017.07.10-17.22.45:934][428]LogModuleManager: Shutting down and abandoning module Sequencer (89)
[2017.07.10-17.22.45:934][428]LogModuleManager: Shutting down and abandoning module WorkspaceMenuStructure (88)
[2017.07.10-17.22.45:934][428]LogModuleManager: Shutting down and abandoning module MessageLog (87)
[2017.07.10-17.22.45:934][428]LogModuleManager: Shutting down and abandoning module AssetTools (86)
[2017.07.10-17.22.45:934][428]LogModuleManager: Shutting down and abandoning module UMGEditor (85)
[2017.07.10-17.22.45:934][428]LogModuleManager: Shutting down and abandoning module UMG (84)
[2017.07.10-17.22.45:934][428]LogModuleManager: Shutting down and abandoning module SlateReflector (83)
[2017.07.10-17.22.45:934][428]LogModuleManager: Shutting down and abandoning module Slate (82)
[2017.07.10-17.22.45:934][428]LogModuleManager: Shutting down and abandoning module EditorStyle (81)
[2017.07.10-17.22.45:937][428]LogModuleManager: Shutting down and abandoning module SourceCodeAccess (80)
[2017.07.10-17.22.45:937][428]LogModuleManager: Shutting down and abandoning module HeadMountedDisplay (79)
[2017.07.10-17.22.45:937][428]LogModuleManager: Shutting down and abandoning module XAudio2 (78)
[2017.07.10-17.22.45:937][428]LogModuleManager: Shutting down and abandoning module Networking (76)
[2017.07.10-17.22.45:937][428]LogModuleManager: Shutting down and abandoning module Core (75)
[2017.07.10-17.22.45:937][428]LogModuleManager: Shutting down and abandoning module DirectoryWatcher (74)
[2017.07.10-17.22.45:937][428]LogDirectoryWatcher: A directory notification for '../../../Engine/Content/' was aborted.
[2017.07.10-17.22.45:937][428]LogDirectoryWatcher: A directory notification for 'D:/Project 0/Puzzlez/Content/' was aborted.
[2017.07.10-17.22.45:937][428]LogDirectoryWatcher: A directory notification for '../../../Engine/Plugins/2D/Paper2D/Content/' was aborted.
[2017.07.10-17.22.45:937][428]LogModuleManager: Shutting down and abandoning module AssetRegistry (73)
[2017.07.10-17.22.46:149][428]LogModuleManager: Shutting down and abandoning module KismetCompiler (72)
[2017.07.10-17.22.46:149][428]LogModuleManager: Shutting down and abandoning module PhysXFormats (71)
[2017.07.10-17.22.46:149][428]LogModuleManager: Shutting down and abandoning module SimplygonSwarm (70)
[2017.07.10-17.22.46:149][428]LogModuleManager: Shutting down and abandoning module SimplygonMeshReduction (69)
[2017.07.10-17.22.46:149][428]LogModuleManager: Shutting down and abandoning module QuadricMeshReduction (68)
[2017.07.10-17.22.46:149][428]LogModuleManager: Shutting down and abandoning module PropertyEditor (67)
[2017.07.10-17.22.46:149][428]LogModuleManager: Shutting down and abandoning module MeshUtilities (66)
[2017.07.10-17.22.46:149][428]LogModuleManager: Shutting down and abandoning module DerivedDataCache (65)
[2017.07.10-17.22.46:473][428]LogDerivedDataCache: Shutdown
[2017.07.10-17.22.46:473][428]LogModuleManager: Shutting down and abandoning module VulkanShaderFormat (64)
[2017.07.10-17.22.46:473][428]LogModuleManager: Shutting down and abandoning module ShaderFormatOpenGL (63)
[2017.07.10-17.22.46:473][428]LogModuleManager: Shutting down and abandoning module ShaderFormatD3D (62)
[2017.07.10-17.22.46:473][428]LogModuleManager: Shutting down and abandoning module MetalShaderFormat (61)
[2017.07.10-17.22.46:473][428]LogModuleManager: Shutting down and abandoning module TextureFormatUncompressed (60)
[2017.07.10-17.22.46:473][428]LogModuleManager: Shutting down and abandoning module TextureFormatPVR (59)
[2017.07.10-17.22.46:473][428]LogModuleManager: Shutting down and abandoning module TextureFormatDXT (58)
[2017.07.10-17.22.46:473][428]LogModuleManager: Shutting down and abandoning module TextureFormatIntelISPCTexComp (57)
[2017.07.10-17.22.46:473][428]LogModuleManager: Shutting down and abandoning module ImageWrapper (56)
[2017.07.10-17.22.46:473][428]LogModuleManager: Shutting down and abandoning module TextureFormatASTC (55)
[2017.07.10-17.22.46:473][428]LogModuleManager: Shutting down and abandoning module TextureFormatAndroid (54)
[2017.07.10-17.22.46:473][428]LogModuleManager: Shutting down and abandoning module AudioFormatOpus (53)
[2017.07.10-17.22.46:473][428]LogModuleManager: Shutting down and abandoning module AudioFormatOgg (52)
[2017.07.10-17.22.46:473][428]LogModuleManager: Shutting down and abandoning module AudioFormatADPCM (51)
[2017.07.10-17.22.46:473][428]LogModuleManager: Shutting down and abandoning module LinuxTargetPlatform (50)
[2017.07.10-17.22.46:473][428]LogModuleManager: Shutting down and abandoning module LinuxServerTargetPlatform (49)
[2017.07.10-17.22.46:473][428]LogModuleManager: Shutting down and abandoning module LinuxNoEditorTargetPlatform (48)
[2017.07.10-17.22.46:474][428]LogModuleManager: Shutting down and abandoning module LinuxClientTargetPlatform (47)
[2017.07.10-17.22.46:474][428]LogModuleManager: Shutting down and abandoning module TVOSTargetPlatform (46)
[2017.07.10-17.22.46:474][428]LogModuleManager: Shutting down and abandoning module Messaging (45)
[2017.07.10-17.22.46:474][428]LogModuleManager: Shutting down and abandoning module IOSTargetPlatform (44)
[2017.07.10-17.22.46:474][428]LogModuleManager: Shutting down and abandoning module HTML5TargetPlatform (43)
[2017.07.10-17.22.46:474][428]LogModuleManager: Shutting down and abandoning module Android_PVRTCTargetPlatform (42)
[2017.07.10-17.22.46:474][428]LogModuleManager: Shutting down and abandoning module Android_MultiTargetPlatform (41)
[2017.07.10-17.22.46:474][428]LogModuleManager: Shutting down and abandoning module Android_ETC2TargetPlatform (40)
[2017.07.10-17.22.46:474][428]LogModuleManager: Shutting down and abandoning module Android_ETC1TargetPlatform (39)
[2017.07.10-17.22.46:474][428]LogModuleManager: Shutting down and abandoning module Android_DXTTargetPlatform (38)
[2017.07.10-17.22.46:474][428]LogModuleManager: Shutting down and abandoning module Android_ATCTargetPlatform (37)
[2017.07.10-17.22.46:474][428]LogModuleManager: Shutting down and abandoning module Android_ASTCTargetPlatform (36)
[2017.07.10-17.22.46:474][428]LogModuleManager: Shutting down and abandoning module AndroidTargetPlatform (35)
[2017.07.10-17.22.46:474][428]LogModuleManager: Shutting down and abandoning module WindowsTargetPlatform (34)
[2017.07.10-17.22.46:474][428]LogModuleManager: Shutting down and abandoning module WindowsServerTargetPlatform (33)
[2017.07.10-17.22.46:474][428]LogModuleManager: Shutting down and abandoning module WindowsNoEditorTargetPlatform (32)
[2017.07.10-17.22.46:474][428]LogModuleManager: Shutting down and abandoning module WindowsClientTargetPlatform (31)
[2017.07.10-17.22.46:474][428]LogModuleManager: Shutting down and abandoning module MacTargetPlatform (30)
[2017.07.10-17.22.46:474][428]LogModuleManager: Shutting down and abandoning module MacServerTargetPlatform (29)
[2017.07.10-17.22.46:474][428]LogModuleManager: Shutting down and abandoning module MacNoEditorTargetPlatform (28)
[2017.07.10-17.22.46:474][428]LogModuleManager: Shutting down and abandoning module MacClientTargetPlatform (27)
[2017.07.10-17.22.46:474][428]LogModuleManager: Shutting down and abandoning module AllDesktopTargetPlatform (26)
[2017.07.10-17.22.46:474][428]LogModuleManager: Shutting down and abandoning module TargetPlatform (25)
[2017.07.10-17.22.46:474][428]LogModuleManager: Shutting down and abandoning module InputCore (24)
[2017.07.10-17.22.46:474][428]LogModuleManager: Shutting down and abandoning module Settings (23)
[2017.07.10-17.22.46:474][428]LogModuleManager: Shutting down and abandoning module OculusRift (22)
[2017.07.10-17.22.46:474][428]LogModuleManager: Shutting down and abandoning module ExampleDeviceProfileSelector (21)
[2017.07.10-17.22.46:474][428]LogModuleManager: Shutting down and abandoning module OnlineBlueprintSupport (20)
[2017.07.10-17.22.46:474][428]LogModuleManager: Shutting down and abandoning module OnlineSubsystem (18)
[2017.07.10-17.22.46:474][428]LogOnline:Display: Unloading online subsystem: NULL
[2017.07.10-17.22.46:474][428]LogModuleManager: Shutting down and abandoning module SSL (17)
[2017.07.10-17.22.46:475][428]LogModuleManager: Shutting down and abandoning module HTTP (16)
[2017.07.10-17.22.46:475][428]LogModuleManager: Shutting down and abandoning module XMPP (15)
[2017.07.10-17.22.46:475][428]LogModuleManager: Shutting down and abandoning module TextureCompressor (14)
[2017.07.10-17.22.46:475][428]LogModuleManager: Shutting down and abandoning module ShaderCore (13)
[2017.07.10-17.22.46:475][428]LogModuleManager: Shutting down and abandoning module Landscape (12)
[2017.07.10-17.22.46:475][428]LogModuleManager: Shutting down and abandoning module SlateRHIRenderer (11)
[2017.07.10-17.22.46:475][428]LogModuleManager: Shutting down and abandoning module OpenGLDrv (10)
[2017.07.10-17.22.46:476][428]LogModuleManager: Shutting down and abandoning module D3D11RHI (9)
[2017.07.10-17.22.46:476][428]LogModuleManager: Shutting down and abandoning module AnimGraphRuntime (8)
[2017.07.10-17.22.46:476][428]LogModuleManager: Shutting down and abandoning module Renderer (7)
[2017.07.10-17.22.46:476][428]LogModuleManager: Shutting down and abandoning module Engine (6)
[2017.07.10-17.22.46:476][428]LogModuleManager: Shutting down and abandoning module CoreUObject (5)
[2017.07.10-17.22.46:476][428]LogModuleManager: Shutting down and abandoning module NetworkFile (4)
[2017.07.10-17.22.46:476][428]LogModuleManager: Shutting down and abandoning module StreamingFile (3)
[2017.07.10-17.22.46:476][428]LogModuleManager: Shutting down and abandoning module SandboxFile (2)
[2017.07.10-17.22.46:476][428]LogModuleManager: Shutting down and abandoning module PakFile (1)
[2017.07.10-17.22.46:477][428]LogExit: Exiting.
[2017.07.10-17.22.46:486][428]Log file closed, 07/10/17 13:22:46
